<?xml version="1.0" encoding="UTF-8"?>
<!-- Generated by org.testng.reporters.JUnitXMLReporter -->
<testsuite ignored="0" hostname="kalpesh16" failures="0" tests="3" name="Default test" time="12.645" errors="0" timestamp="13 Jan 2022 04:15:03 GMT">
  <testcase classname="DemoA.ExtentReportDemo.ExtentReportTest" name="f" time="4.372"/>
  <testcase classname="DemoA.ExtentReportDemo.ExtentReportTest" name="f1" time="3.464"/>
  <testcase classname="DemoA.ExtentReportDemo.ExtentReportTest" name="f2" time="3.592"/>
</testsuite> <!-- Default test -->
