<?xml version="1.0" encoding="UTF-8"?>
<testng-results ignored="0" total="3" passed="3" failed="0" skipped="0">
  <reporter-output>
  </reporter-output>
  <suite started-at="2022-01-13T04:14:50Z" name="Default suite" finished-at="2022-01-13T04:15:03Z" duration-ms="12645">
    <groups>
    </groups>
    <test started-at="2022-01-13T04:14:50Z" name="Default test" finished-at="2022-01-13T04:15:03Z" duration-ms="12645">
      <class name="DemoA.ExtentReportDemo.ExtentReportTest">
        <test-method is-config="true" signature="BeforeClass()[pri:0, instance:DemoA.ExtentReportDemo.ExtentReportTest@5149d738]" started-at="2022-01-13T04:14:51Z" name="BeforeClass" finished-at="2022-01-13T04:14:51Z" duration-ms="479" status="PASS">
          <reporter-output>
          </reporter-output>
        </test-method> <!-- BeforeClass -->
        <test-method signature="f()[pri:0, instance:DemoA.ExtentReportDemo.ExtentReportTest@5149d738]" started-at="2022-01-13T04:14:51Z" name="f" finished-at="2022-01-13T04:14:55Z" duration-ms="4372" status="PASS">
          <reporter-output>
          </reporter-output>
        </test-method> <!-- f -->
        <test-method signature="f1()[pri:0, instance:DemoA.ExtentReportDemo.ExtentReportTest@5149d738]" started-at="2022-01-13T04:14:55Z" name="f1" finished-at="2022-01-13T04:14:59Z" duration-ms="3464" status="PASS">
          <reporter-output>
          </reporter-output>
        </test-method> <!-- f1 -->
        <test-method signature="f2()[pri:0, instance:DemoA.ExtentReportDemo.ExtentReportTest@5149d738]" started-at="2022-01-13T04:14:59Z" name="f2" finished-at="2022-01-13T04:15:02Z" duration-ms="3592" status="PASS">
          <reporter-output>
          </reporter-output>
        </test-method> <!-- f2 -->
        <test-method is-config="true" signature="AfterClass()[pri:0, instance:DemoA.ExtentReportDemo.ExtentReportTest@5149d738]" started-at="2022-01-13T04:15:02Z" name="AfterClass" finished-at="2022-01-13T04:15:03Z" duration-ms="688" status="PASS">
          <reporter-output>
          </reporter-output>
        </test-method> <!-- AfterClass -->
      </class> <!-- DemoA.ExtentReportDemo.ExtentReportTest -->
    </test> <!-- Default test -->
  </suite> <!-- Default suite -->
</testng-results>
